2016-04-20 11:30:20 [scrapy] INFO: Scrapy 1.0.3 started (bot: topgoods)
2016-04-20 11:30:20 [scrapy] INFO: Optional features available: ssl, http11, boto
2016-04-20 11:30:20 [scrapy] INFO: Overridden settings: {'NEWSPIDER_MODULE': 'topgoods.spiders', 'BOT_NAME': 'topgoods', 'SPIDER_MODULES': ['topgoods.spiders'], 'LOG_ENCODING': None, 'LOG_ENABLED': False, 'LOG_FILE': 'scrapy.log'}
2016-04-20 11:30:41 [scrapy] INFO: Scrapy 1.0.3 started (bot: topgoods)
2016-04-20 11:30:41 [scrapy] INFO: Optional features available: ssl, http11, boto
2016-04-20 11:30:41 [scrapy] INFO: Overridden settings: {'NEWSPIDER_MODULE': 'topgoods.spiders', 'SPIDER_MODULES': ['topgoods.spiders'], 'LOG_FILE': 'scrapy.log', 'LOG_ENCODING': None, 'BOT_NAME': 'topgoods'}
2016-04-20 11:30:41 [scrapy] INFO: Enabled extensions: CloseSpider, TelnetConsole, LogStats, CoreStats, SpiderState
2016-04-20 11:30:41 [boto] DEBUG: Retrieving credentials from metadata server.
2016-04-20 11:30:42 [boto] ERROR: Caught exception reading instance data
Traceback (most recent call last):
  File "/Library/Python/2.7/site-packages/boto/utils.py", line 210, in retry_url
    r = opener.open(req, timeout=timeout)
  File "/System/Library/Frameworks/Python.framework/Versions/2.7/lib/python2.7/urllib2.py", line 404, in open
    response = self._open(req, data)
  File "/System/Library/Frameworks/Python.framework/Versions/2.7/lib/python2.7/urllib2.py", line 422, in _open
    '_open', req)
  File "/System/Library/Frameworks/Python.framework/Versions/2.7/lib/python2.7/urllib2.py", line 382, in _call_chain
    result = func(*args)
  File "/System/Library/Frameworks/Python.framework/Versions/2.7/lib/python2.7/urllib2.py", line 1214, in http_open
    return self.do_open(httplib.HTTPConnection, req)
  File "/System/Library/Frameworks/Python.framework/Versions/2.7/lib/python2.7/urllib2.py", line 1184, in do_open
    raise URLError(err)
URLError: <urlopen error timed out>
2016-04-20 11:30:42 [boto] ERROR: Unable to read instance data, giving up
2016-04-20 11:30:42 [py.warnings] WARNING: /Library/Python/2.7/site-packages/scrapy/utils/deprecate.py:155: ScrapyDeprecationWarning: `scrapy.contrib.downloadermiddleware.httpproxy.HttpProxyMiddleware` class is deprecated, use `scrapy.downloadermiddlewares.httpproxy.HttpProxyMiddleware` instead
  ScrapyDeprecationWarning)

2016-04-20 11:30:42 [scrapy] INFO: Enabled downloader middlewares: HttpAuthMiddleware, DownloadTimeoutMiddleware, UserAgentMiddleware, RetryMiddleware, DefaultHeadersMiddleware, MetaRefreshMiddleware, HttpCompressionMiddleware, RedirectMiddleware, CookiesMiddleware, ChunkedTransferMiddleware, DownloaderStats
2016-04-20 11:30:42 [scrapy] INFO: Enabled spider middlewares: HttpErrorMiddleware, OffsiteMiddleware, RefererMiddleware, UrlLengthMiddleware, DepthMiddleware
2016-04-20 11:30:42 [scrapy] INFO: Enabled item pipelines: 
2016-04-20 11:30:42 [scrapy] INFO: Spider opened
2016-04-20 11:30:42 [scrapy] INFO: Crawled 0 pages (at 0 pages/min), scraped 0 items (at 0 items/min)
2016-04-20 11:30:42 [scrapy] DEBUG: Telnet console listening on 127.0.0.1:6023
2016-04-20 11:30:42 [scrapy] DEBUG: Redirecting (301) to <GET https://list.tmall.com/search_product.htm?type=pc&totalPage=100&cat=50025135&sort=d&style=g&from=sn_1_cat-qp&active=1&jumpto=10> from <GET http://list.tmall.com/search_product.htm?type=pc&totalPage=100&cat=50025135&sort=d&style=g&from=sn_1_cat-qp&active=1&jumpto=10#J_Filter>
2016-04-20 11:30:42 [scrapy] DEBUG: Redirecting (302) to <GET https://login.taobao.com/jump?target=https%3A%2F%2Flist.tmall.com%2Fsearch_product.htm%3Ftbpm%3D1%26type%3Dpc%26totalPage%3D100%26cat%3D50025135%26sort%3Dd%26style%3Dg%26from%3Dsn_1_cat-qp%26active%3D1%26jumpto%3D10> from <GET https://list.tmall.com/search_product.htm?type=pc&totalPage=100&cat=50025135&sort=d&style=g&from=sn_1_cat-qp&active=1&jumpto=10>
2016-04-20 11:30:43 [scrapy] DEBUG: Redirecting (302) to <GET https://pass.tmall.com/add?_tb_token_=Jn8fsMvndmEZ&cookie2=4ea1b5824a4fc212270c26f83467f389&t=812a07ac93254d993d093198632da7e6&target=https%3A%2F%2Flist.tmall.com%2Fsearch_product.htm%3Ftbpm%3D1%26type%3Dpc%26totalPage%3D100%26cat%3D50025135%26sort%3Dd%26style%3Dg%26from%3Dsn_1_cat-qp%26active%3D1%26jumpto%3D10&pacc=ECEnR_6b7IEnuNDhNQgrJQ==&opi=114.255.40.25&tmsc=1461123042421571> from <GET https://login.taobao.com/jump?target=https%3A%2F%2Flist.tmall.com%2Fsearch_product.htm%3Ftbpm%3D1%26type%3Dpc%26totalPage%3D100%26cat%3D50025135%26sort%3Dd%26style%3Dg%26from%3Dsn_1_cat-qp%26active%3D1%26jumpto%3D10>
2016-04-20 11:30:43 [scrapy] DEBUG: Redirecting (302) to <GET https://list.tmall.com/search_product.htm?tbpm=1&type=pc&totalPage=100&cat=50025135&sort=d&style=g&from=sn_1_cat-qp&active=1&jumpto=10> from <GET https://pass.tmall.com/add?_tb_token_=Jn8fsMvndmEZ&cookie2=4ea1b5824a4fc212270c26f83467f389&t=812a07ac93254d993d093198632da7e6&target=https%3A%2F%2Flist.tmall.com%2Fsearch_product.htm%3Ftbpm%3D1%26type%3Dpc%26totalPage%3D100%26cat%3D50025135%26sort%3Dd%26style%3Dg%26from%3Dsn_1_cat-qp%26active%3D1%26jumpto%3D10&pacc=ECEnR_6b7IEnuNDhNQgrJQ==&opi=114.255.40.25&tmsc=1461123042421571>
2016-04-20 11:30:43 [scrapy] DEBUG: Redirecting (302) to <GET https://list.tmall.com/search_product.htm?type=pc&totalPage=100&cat=50025135&sort=d&style=g&from=sn_1_cat-qp&active=1&jumpto=10> from <GET https://list.tmall.com/search_product.htm?tbpm=1&type=pc&totalPage=100&cat=50025135&sort=d&style=g&from=sn_1_cat-qp&active=1&jumpto=10>
2016-04-20 11:30:43 [scrapy] DEBUG: Crawled (200) <GET https://list.tmall.com/search_product.htm?type=pc&totalPage=100&cat=50025135&sort=d&style=g&from=sn_1_cat-qp&active=1&jumpto=10> (referer: None)
2016-04-20 11:30:43 [tm_goods] DEBUG: List Page error--https://list.tmall.com/search_product.htm?type=pc&totalPage=100&cat=50025135&sort=d&style=g&from=sn_1_cat-qp&active=1&jumpto=10
2016-04-20 11:30:44 [scrapy] DEBUG: Crawled (200) <GET https://mbox.re.taobao.com/gt?pid=419109_1006&qs1=sbid%253D2%2526frcatid%253D50025135%2526keyword%253D%2526pid%253D419109_1006%2526offset%253D45%2526propertyid%253D%2526gprice%253D0%2525252C100000000%2526loc%253D%2526sort%253D%2526feature_names%253DpromoPrice%25252CmultiImgs%25252Ctags%25252CdsrDeliver%25252CdsrDeliverGap%25252CdsrDescribe%25252CdsrDescribeGap%25252CdsrService%25252CdsrServiceGap&_ksTS=146112304398_1130&cb=json519> (referer: https://list.tmall.com/search_product.htm?type=pc&totalPage=100&cat=50025135&sort=d&style=g&from=sn_1_cat-qp&active=1&jumpto=10)
2016-04-20 11:30:44 [scrapy] DEBUG: Scraped from <200 https://mbox.re.taobao.com/gt?pid=419109_1006&qs1=sbid%253D2%2526frcatid%253D50025135%2526keyword%253D%2526pid%253D419109_1006%2526offset%253D45%2526propertyid%253D%2526gprice%253D0%2525252C100000000%2526loc%253D%2526sort%253D%2526feature_names%253DpromoPrice%25252CmultiImgs%25252Ctags%25252CdsrDeliver%25252CdsrDeliverGap%25252CdsrDescribe%25252CdsrDescribeGap%25252CdsrService%25252CdsrServiceGap&_ksTS=146112304398_1130&cb=json519>
{'GOODS_NAME': u'2016\u590f\u88c5\u65f6\u5c1a\u7eaf\u8272\u6253\u5e95t\u6064\u65e0\u8896\u767d\u8272T\u6064\u4e0a\u8863\u5973',
 'GOODS_PRICE': u'329.00',
 'GOODS_URL': u'https://click.simba.taobao.com/cc_im?p=&amp;amp;s=265992952&amp;amp;k=345&amp;amp;e=wlpqEKH0ITq3qY2n%2BFG4%2F5xVYLb43HoaGPi8BjlfHXd7tVGF7B1vKSGwmwsupzTdu7fGHoA9d4GVUJWmdk4SH9lxXm9jk6cAaQY6Bm5JPd7342Z%2B7z8E3luceyQL01yuWqJdjgB9aLi1XzjSSKiIty3M43QYFmRt8VeE24vdhpvAHb5UIUtFfBnMN9KXrLUNkLK3VDbfIYxmldOCxvGFhFhnuJmTBoVFIwkFdgmGM0qkVTBEsLmkfa4dWaD5UO0wGJibxvhI%2FEdn99DnLaY8WcEr4mzB75yTjo%2F6MdsmfYSfzfuQveXO1ywuu%2BljDm6QVf23cOXYfQMi8mBHtcDUPg%3D%3D'}
2016-04-20 11:30:44 [scrapy] DEBUG: Scraped from <200 https://mbox.re.taobao.com/gt?pid=419109_1006&qs1=sbid%253D2%2526frcatid%253D50025135%2526keyword%253D%2526pid%253D419109_1006%2526offset%253D45%2526propertyid%253D%2526gprice%253D0%2525252C100000000%2526loc%253D%2526sort%253D%2526feature_names%253DpromoPrice%25252CmultiImgs%25252Ctags%25252CdsrDeliver%25252CdsrDeliverGap%25252CdsrDescribe%25252CdsrDescribeGap%25252CdsrService%25252CdsrServiceGap&_ksTS=146112304398_1130&cb=json519>
{'GOODS_NAME': u'\u539f\u521b\u54c1\u724c \u4ed9\u9e64\u5370\u82b1\u8fde\u8863\u88d9\u957f\u6b3e \u4e1d\u9ebb\u5bbd\u677e\u957f\u88d9',
 'GOODS_PRICE': u'780.00',
 'GOODS_URL': u'https://click.simba.taobao.com/cc_im?p=&amp;amp;s=265992952&amp;amp;k=345&amp;amp;e=oXzvlVZ3G%2FW3qY2n%2BFG4%2F5xVYLb43HoaGPi8BjlfHXd7tVGF7B1vKSGwmwsupzTdu7fGHoA9d4HsaK9zqKbU40C17rP0TAJpIOKeQHt3UOj342Z%2B7z8E3luceyQL01yuWqJdjgB9aLi1XzjSSKiIty3M43QYFmRt8VeE24vdhpvAHb5UIUtFfBnMN9KXrLUNkLK3VDbfIYwS4tXpf3THQDBb5EYQQoNXbsdqJwp4y1Y%2Ftp%2FVMkJiIIF2px1xtOo5i67qy17mxJKIyi369wvzDRvYA8emYGFhETDJZf%2BlQe5767My7pzz6cH%2BSroFlqzR2Go8KID5lH4C8eT4NnD0Ww%3D%3D'}
2016-04-20 11:30:44 [scrapy] DEBUG: Scraped from <200 https://mbox.re.taobao.com/gt?pid=419109_1006&qs1=sbid%253D2%2526frcatid%253D50025135%2526keyword%253D%2526pid%253D419109_1006%2526offset%253D45%2526propertyid%253D%2526gprice%253D0%2525252C100000000%2526loc%253D%2526sort%253D%2526feature_names%253DpromoPrice%25252CmultiImgs%25252Ctags%25252CdsrDeliver%25252CdsrDeliverGap%25252CdsrDescribe%25252CdsrDescribeGap%25252CdsrService%25252CdsrServiceGap&_ksTS=146112304398_1130&cb=json519>
{'GOODS_NAME': u'2016\u590f\u88c5\u65b0\u6b3e\u4e03\u5206\u8896\u767e\u642d\u96ea\u7eba\u886b\u5973\u4e0a\u8863T\u6064',
 'GOODS_PRICE': u'398.00',
 'GOODS_URL': u'https://click.simba.taobao.com/cc_im?p=&amp;amp;s=265992952&amp;amp;k=417&amp;amp;e=BYSHQIQ1ydW3qY2n%2BFG4%2F5xVYLb43HoaGPi8BjlfHXd7tVGF7B1vKSGwmwsupzTdu7fGHoA9d4Ee9aRmGHgE1ZwuFMAEIyJddz0eIHkEd7L342Z%2B7z8E3luceyQL01yuWqJdjgB9aLi1XzjSSKiIty3M43QYFmRt8VeE24vdhpsIyvtr2xefwGimSsJB17lZ6dcke%2B7dRhvYB%2F6FirD3DrWheDRv%2BYiCFXnHqR1Ko%2BNqnUSeN0DVGI90oSm%2FQDiRhb2Fil%2Bb56ugZzGlnTkKVSu3V2xF3k4OoGO6diqhQlyjgogtggMZc1YHiI8QAHM0eVuEaYXV7YuJGTo3wfLJxD5nWijOMy5%2F7Uaw2eJq%2FAWeihPI1Rz49TJucuz3Nz9W9TPIr9yLxxDbuvpfKFfBzXLViztFzXGx'}
2016-04-20 11:30:44 [scrapy] DEBUG: Scraped from <200 https://mbox.re.taobao.com/gt?pid=419109_1006&qs1=sbid%253D2%2526frcatid%253D50025135%2526keyword%253D%2526pid%253D419109_1006%2526offset%253D45%2526propertyid%253D%2526gprice%253D0%2525252C100000000%2526loc%253D%2526sort%253D%2526feature_names%253DpromoPrice%25252CmultiImgs%25252Ctags%25252CdsrDeliver%25252CdsrDeliverGap%25252CdsrDescribe%25252CdsrDescribeGap%25252CdsrService%25252CdsrServiceGap&_ksTS=146112304398_1130&cb=json519>
{'GOODS_NAME': u'\u6625\u88c5\u65b0\u6b3e\u59732016\u5047\u4e24\u4ef6\u771f\u4e1d\u5370\u82b1\u8fde\u8863\u88d9\u5927\u6446\u88d9',
 'GOODS_PRICE': u'498.00',
 'GOODS_URL': u'https://click.simba.taobao.com/cc_im?p=&amp;amp;s=265992952&amp;amp;k=441&amp;amp;e=tO6R4J5q%2F4W3qY2n%2BFG4%2F5xVYLb43HoaGPi8BjlfHXd7tVGF7B1vKSGwmwsupzTdu7fGHoA9d4HykF7lzBni9EThhdYNQX%2BVIMNaH1i%2FXnz342Z%2B7z8E3luceyQL01yuWqJdjgB9aLi1XzjSSKiIty3M43QYFmRt8VeE24vdhpvt0QwzDTT41%2BuV5uxkhQDphQbof61qN6Z6pa0Mukpf3%2BR9%2B4RvdmiOm5Uyud5vMx9OdFTxIl34cZ%2BMSeaSHA0qswctIplK9k8v2d8BVm7lx4j9PYBAMDYITcViE1Bk0Waosy1JaK1BoM8lB%2FXk1oxFvE9nWMxv9%2FJaRfkjpWf42t85oRfeKkozQ0lvWioQM1%2BFBuh%2FrWo3pjSwD1AZxGAt9uyRKyXtigCiL%2FUNZVk6gF%2BfgxltBp6KgFiRBcYCXukq9zC3%2BANq1g%3D%3D'}
2016-04-20 11:30:44 [scrapy] DEBUG: Scraped from <200 https://mbox.re.taobao.com/gt?pid=419109_1006&qs1=sbid%253D2%2526frcatid%253D50025135%2526keyword%253D%2526pid%253D419109_1006%2526offset%253D45%2526propertyid%253D%2526gprice%253D0%2525252C100000000%2526loc%253D%2526sort%253D%2526feature_names%253DpromoPrice%25252CmultiImgs%25252Ctags%25252CdsrDeliver%25252CdsrDeliverGap%25252CdsrDescribe%25252CdsrDescribeGap%25252CdsrService%25252CdsrServiceGap&_ksTS=146112304398_1130&cb=json519>
{'GOODS_NAME': u'\u9b45\u65912016\u6625\u767e\u642d\u4f11\u95f2\u804c\u4e1a\u897f\u670d\u4e0a\u8863\u4e00\u7c92\u6263\u897f\u88c5',
 'GOODS_PRICE': u'782.00',
 'GOODS_URL': u'https://click.simba.taobao.com/cc_im?p=&amp;amp;s=265992952&amp;amp;k=345&amp;amp;e=J2m8%2FvOqlFi3qY2n%2BFG4%2F5xVYLb43HoaGPi8BjlfHXd7tVGF7B1vKSGwmwsupzTdu7fGHoA9d4GSr2YhP%2Fvl8g9GNGbrtknqqMN16aFax0f342Z%2B7z8E3luceyQL01yuWqJdjgB9aLi1XzjSSKiIty3M43QYFmRt8VeE24vdhpvAHb5UIUtFfBnMN9KXrLUNkLK3VDbfIYyOL%2BYFnYqTGMEdDBp1zusfX5DnBGDGXmaP4KWiZ6QHbRKpBST4O0GfM7MC9kt3r9aeVi%2FXU1tWSNPrJwEAMsyOETDJZf%2BlQe5767My7pzz6cH%2BSroFlqzRLRtOqIvVhzB3ciO%2Fvhm5pA%3D%3D'}
2016-04-20 11:30:44 [scrapy] INFO: Closing spider (finished)
2016-04-20 11:30:44 [scrapy] INFO: Dumping Scrapy stats:
{'downloader/request_bytes': 3340,
 'downloader/request_count': 7,
 'downloader/request_method_count/GET': 7,
 'downloader/response_bytes': 46941,
 'downloader/response_count': 7,
 'downloader/response_status_count/200': 2,
 'downloader/response_status_count/301': 1,
 'downloader/response_status_count/302': 4,
 'finish_reason': 'finished',
 'finish_time': datetime.datetime(2016, 4, 20, 3, 30, 44, 494418),
 'item_scraped_count': 5,
 'log_count/DEBUG': 15,
 'log_count/ERROR': 2,
 'log_count/INFO': 7,
 'log_count/WARNING': 1,
 'request_depth_max': 1,
 'response_received_count': 2,
 'scheduler/dequeued': 7,
 'scheduler/dequeued/memory': 7,
 'scheduler/enqueued': 7,
 'scheduler/enqueued/memory': 7,
 'start_time': datetime.datetime(2016, 4, 20, 3, 30, 42, 482803)}
2016-04-20 11:30:44 [scrapy] INFO: Spider closed (finished)
